TN:
SF:C:\Hackathon Projects\dishtv\src\polyfills.ts
FNF:0
FNH:0
LF:0
LH:0
BRF:0
BRH:0
end_of_record
TN:
SF:C:\Hackathon Projects\dishtv\src\test.ts
FNF:0
FNH:0
DA:13,1
DA:18,1
DA:20,1
LF:3
LH:3
BRF:0
BRH:0
end_of_record
TN:
SF:C:\Hackathon Projects\dishtv\src\app\app.component.ts
FN:9,(anonymous_0)
FN:11,AppComponent
FN:12,(anonymous_2)
FNF:3
FNH:3
FNDA:1,(anonymous_0)
FNDA:1,AppComponent
FNDA:1,(anonymous_2)
DA:9,1
DA:10,1
DA:11,1
DA:12,1
DA:13,1
DA:14,1
DA:15,1
DA:17,1
LF:8
LH:8
BRF:0
BRH:0
end_of_record
TN:
SF:C:\Hackathon Projects\dishtv\src\app\admin\components\admin-home\admin-home.component.ts
FN:10,(anonymous_0)
FN:17,AdminHomeComponent
FN:32,(anonymous_2)
FN:34,(anonymous_3)
FN:40,(anonymous_4)
FN:43,(anonymous_5)
FN:53,(anonymous_6)
FN:60,(anonymous_7)
FN:63,(anonymous_8)
FN:71,(anonymous_9)
FN:76,(anonymous_10)
FN:77,(anonymous_11)
FNF:12
FNH:11
FNDA:1,(anonymous_0)
FNDA:6,AdminHomeComponent
FNDA:6,(anonymous_2)
FNDA:6,(anonymous_3)
FNDA:36,(anonymous_4)
FNDA:6,(anonymous_5)
FNDA:1,(anonymous_6)
FNDA:1,(anonymous_7)
FNDA:0,(anonymous_8)
FNDA:1,(anonymous_9)
FNDA:2,(anonymous_10)
FNDA:2,(anonymous_11)
DA:10,1
DA:17,6
DA:18,6
DA:19,6
DA:27,6
DA:32,6
DA:33,6
DA:34,6
DA:35,6
DA:40,36
DA:43,1
DA:44,6
DA:53,1
DA:54,1
DA:55,1
DA:56,1
DA:57,1
DA:58,1
DA:59,1
DA:60,1
DA:61,1
DA:62,1
DA:64,0
DA:65,0
DA:71,1
DA:72,1
DA:76,2
DA:77,2
DA:78,2
DA:83,1
LF:30
LH:28
BRF:0
BRH:0
end_of_record
TN:
SF:C:\Hackathon Projects\dishtv\src\app\root\components\login\login.component.ts
FN:11,(anonymous_0)
FN:17,LoginComponent
FN:19,(anonymous_2)
FN:24,(anonymous_3)
FN:27,(anonymous_4)
FN:39,(anonymous_5)
FN:40,(anonymous_6)
FNF:7
FNH:7
FNDA:1,(anonymous_0)
FNDA:3,LoginComponent
FNDA:3,(anonymous_2)
FNDA:36,(anonymous_3)
FNDA:3,(anonymous_4)
FNDA:2,(anonymous_5)
FNDA:2,(anonymous_6)
DA:11,1
DA:13,3
DA:17,3
DA:19,1
DA:20,3
DA:24,36
DA:27,1
DA:28,3
DA:39,2
DA:40,2
DA:41,2
DA:42,2
DA:43,2
DA:44,1
DA:45,1
DA:46,1
DA:51,1
LF:17
LH:17
BRDA:43,0,0,1
BRDA:43,0,1,1
BRDA:45,1,0,1
BRDA:45,1,1,0
BRF:4
BRH:3
end_of_record
TN:
SF:C:\Hackathon Projects\dishtv\src\app\sales-manager\components\booking\booking.component.ts
FN:10,(anonymous_0)
FN:14,BookingComponent
FN:19,(anonymous_2)
FN:24,(anonymous_3)
FN:26,(anonymous_4)
FN:27,(anonymous_5)
FN:28,(anonymous_6)
FN:37,(anonymous_7)
FN:39,(anonymous_8)
FN:43,(anonymous_9)
FNF:10
FNH:9
FNDA:1,(anonymous_0)
FNDA:3,BookingComponent
FNDA:3,(anonymous_2)
FNDA:5,(anonymous_3)
FNDA:5,(anonymous_4)
FNDA:5,(anonymous_5)
FNDA:5,(anonymous_6)
FNDA:1,(anonymous_7)
FNDA:1,(anonymous_8)
FNDA:0,(anonymous_9)
DA:10,1
DA:14,3
DA:15,3
DA:16,3
DA:19,1
DA:20,3
DA:24,5
DA:25,5
DA:26,5
DA:27,5
DA:28,5
DA:29,5
DA:30,5
DA:37,1
DA:38,1
DA:39,1
DA:40,1
DA:41,1
DA:42,1
DA:44,0
DA:48,1
LF:21
LH:20
BRF:0
BRH:0
end_of_record
TN:
SF:C:\Hackathon Projects\dishtv\src\app\sales-manager\components\sales-manager\sales-manager.component.ts
FN:12,(anonymous_0)
FN:20,SalesManagerComponent
FN:35,(anonymous_2)
FN:37,(anonymous_3)
FN:43,(anonymous_4)
FN:46,(anonymous_5)
FN:56,(anonymous_6)
FN:64,(anonymous_7)
FN:68,(anonymous_8)
FN:75,(anonymous_9)
FN:80,(anonymous_10)
FN:84,(anonymous_11)
FN:88,(anonymous_12)
FN:94,(anonymous_13)
FN:95,(anonymous_14)
FNF:15
FNH:14
FNDA:1,(anonymous_0)
FNDA:6,SalesManagerComponent
FNDA:6,(anonymous_2)
FNDA:4,(anonymous_3)
FNDA:72,(anonymous_4)
FNDA:6,(anonymous_5)
FNDA:2,(anonymous_6)
FNDA:2,(anonymous_7)
FNDA:0,(anonymous_8)
FNDA:1,(anonymous_9)
FNDA:1,(anonymous_10)
FNDA:1,(anonymous_11)
FNDA:1,(anonymous_12)
FNDA:1,(anonymous_13)
FNDA:1,(anonymous_14)
DA:12,1
DA:20,6
DA:21,6
DA:22,6
DA:30,6
DA:35,6
DA:36,6
DA:37,6
DA:38,4
DA:43,72
DA:46,1
DA:47,6
DA:56,2
DA:57,2
DA:58,2
DA:59,2
DA:60,2
DA:61,2
DA:62,2
DA:63,2
DA:64,2
DA:65,2
DA:66,2
DA:67,2
DA:69,0
DA:70,0
DA:75,1
DA:76,1
DA:80,1
DA:81,1
DA:82,1
DA:85,1
DA:86,1
DA:88,1
DA:89,1
DA:94,1
DA:95,1
DA:96,1
DA:100,1
LF:39
LH:37
BRF:0
BRH:0
end_of_record
TN:
SF:C:\Hackathon Projects\dishtv\src\app\shared\components\dynamic-event-adder\dynamic-event-adder.component.ts
FN:9,(anonymous_0)
FN:28,DynamicEventAdderComponent
FN:35,(anonymous_2)
FN:38,(anonymous_3)
FN:50,(anonymous_4)
FN:60,(anonymous_5)
FN:64,(anonymous_6)
FNF:7
FNH:7
FNDA:1,(anonymous_0)
FNDA:3,DynamicEventAdderComponent
FNDA:54,(anonymous_2)
FNDA:3,(anonymous_3)
FNDA:1,(anonymous_4)
FNDA:1,(anonymous_5)
FNDA:3,(anonymous_6)
DA:9,1
DA:11,3
DA:12,3
DA:13,3
DA:14,1
DA:15,1
DA:16,3
DA:20,3
DA:28,3
DA:29,3
DA:30,3
DA:31,3
DA:35,54
DA:38,1
DA:39,3
DA:50,1
DA:51,1
DA:53,1
DA:55,1
DA:56,1
DA:60,1
DA:61,1
DA:64,1
DA:66,3
DA:69,1
LF:25
LH:25
BRDA:51,0,0,1
BRDA:51,0,1,0
BRDA:53,1,0,1
BRDA:53,1,1,0
BRF:4
BRH:2
end_of_record
TN:
SF:C:\Hackathon Projects\dishtv\src\app\shared\components\error\error.component.ts
FN:8,(anonymous_0)
FN:10,ErrorComponent
FN:12,(anonymous_2)
FNF:3
FNH:3
FNDA:1,(anonymous_0)
FNDA:1,ErrorComponent
FNDA:1,(anonymous_2)
DA:8,1
DA:12,1
DA:15,1
LF:3
LH:3
BRF:0
BRH:0
end_of_record
TN:
SF:C:\Hackathon Projects\dishtv\src\app\shared\components\loader\loader.component.ts
FN:8,(anonymous_0)
FN:11,LoaderComponent
FN:13,(anonymous_2)
FNF:3
FNH:3
FNDA:1,(anonymous_0)
FNDA:1,LoaderComponent
FNDA:1,(anonymous_2)
DA:8,1
DA:10,1
DA:13,1
DA:16,1
LF:4
LH:4
BRF:0
BRH:0
end_of_record
TN:
SF:C:\Hackathon Projects\dishtv\src\app\shared\services\http.service.ts
FN:10,(anonymous_0)
FN:12,HttpService
FN:14,(anonymous_2)
FN:18,(anonymous_3)
FN:22,(anonymous_4)
FN:26,(anonymous_5)
FNF:6
FNH:5
FNDA:1,(anonymous_0)
FNDA:18,HttpService
FNDA:16,(anonymous_2)
FNDA:16,(anonymous_3)
FNDA:16,(anonymous_4)
FNDA:0,(anonymous_5)
DA:10,1
DA:12,18
DA:14,1
DA:15,16
DA:18,1
DA:19,16
DA:22,1
DA:23,16
DA:26,1
DA:27,0
DA:29,1
LF:11
LH:10
BRF:0
BRH:0
end_of_record
TN:
SF:C:\Hackathon Projects\dishtv\src\environments\environment.ts
FNF:0
FNH:0
DA:5,1
LF:1
LH:1
BRF:0
BRH:0
end_of_record
